<?xml version="1.0" encoding="UTF-8"?>
<testsuite xmlns:xsi="http://www.w3.org/2001/XMLSchema-instance" xsi:noNamespaceSchemaLocation="https://maven.apache.org/surefire/maven-surefire-plugin/xsd/surefire-test-report-3.0.xsd" version="3.0" name="com.cavm.voto.electronico.ApplicationTests" time="12.136" tests="1" errors="0" skipped="0" failures="0">
  <properties>
[...]
</properties>
  <testcase name="contextLoads" classname="com.cavm.voto.electronico.ApplicationTests" time="0.99">
    <system-out><![CDATA[22:39:36.482 [main] INFO org.springframework.test.context.support.AnnotationConfigContextLoaderUtils -- Could not detect default configuration classes for test class [com.cavm.voto.electronico.ApplicationTests]: ApplicationTests does not declare any static, non-private, non-final, nested classes annotated with @Configuration.
22:39:36.684 [main] INFO org.springframework.boot.test.context.SpringBootTestContextBootstrapper -- Found @SpringBootConfiguration com.cavm.voto.electronico.Application for test class com.cavm.voto.electronico.ApplicationTests
22:39:36.953 [main] INFO org.springframework.boot.devtools.restart.RestartApplicationListener -- Restart disabled due to context in which it is running

  .   ____          _            __ _ _
 /\\ / ___'_ __ _ _(_)_ __  __ _ \ \ \ \
( ( )\___ | '_ | '_| | '_ \/ _` | \ \ \ \
 \\/  ___)| |_)| | | | | || (_| |  ) ) ) )
  '  |____| .__|_| |_|_| |_\__, | / / / /
 =========|_|==============|___/=/_/_/_/
 :: Spring Boot ::                (v3.1.5)

2024-05-11T22:39:37.393-05:00  INFO 14584 --- [           main] c.c.voto.electronico.ApplicationTests    : Starting ApplicationTests using Java 17.0.10 with PID 14584 (started by alexa in D:\DATA 2024\proyectos-netbeans\spring\elecciones.escolares)
2024-05-11T22:39:37.395-05:00  INFO 14584 --- [           main] c.c.voto.electronico.ApplicationTests    : No active profile set, falling back to 1 default profile: "default"
2024-05-11T22:39:38.988-05:00  INFO 14584 --- [           main] .s.d.r.c.RepositoryConfigurationDelegate : Bootstrapping Spring Data JPA repositories in DEFAULT mode.
2024-05-11T22:39:39.151-05:00  INFO 14584 --- [           main] .s.d.r.c.RepositoryConfigurationDelegate : Finished Spring Data repository scanning in 152 ms. Found 11 JPA repository interfaces.
2024-05-11T22:39:40.142-05:00  INFO 14584 --- [           main] o.hibernate.jpa.internal.util.LogHelper  : HHH000204: Processing PersistenceUnitInfo [name: default]
2024-05-11T22:39:40.242-05:00  INFO 14584 --- [           main] org.hibernate.Version                    : HHH000412: Hibernate ORM core version 6.2.13.Final
2024-05-11T22:39:40.245-05:00  INFO 14584 --- [           main] org.hibernate.cfg.Environment            : HHH000406: Using bytecode reflection optimizer
2024-05-11T22:39:40.752-05:00  INFO 14584 --- [           main] o.s.o.j.p.SpringPersistenceUnitInfo      : No LoadTimeWeaver setup: ignoring JPA class transformer
2024-05-11T22:39:40.789-05:00  INFO 14584 --- [           main] com.zaxxer.hikari.HikariDataSource       : HikariPool-1 - Starting...
2024-05-11T22:39:41.178-05:00  INFO 14584 --- [           main] com.zaxxer.hikari.pool.HikariPool        : HikariPool-1 - Added connection org.postgresql.jdbc.PgConnection@79d4ff58
2024-05-11T22:39:41.182-05:00  INFO 14584 --- [           main] com.zaxxer.hikari.HikariDataSource       : HikariPool-1 - Start completed.
2024-05-11T22:39:41.242-05:00  WARN 14584 --- [           main] org.hibernate.orm.deprecation            : HHH90000025: PostgreSQL10Dialect does not need to be specified explicitly using 'hibernate.dialect' (remove the property setting and it will be selected by default)
2024-05-11T22:39:41.244-05:00  WARN 14584 --- [           main] org.hibernate.orm.deprecation            : HHH90000026: PostgreSQL10Dialect has been deprecated; use org.hibernate.dialect.PostgreSQLDialect instead
2024-05-11T22:39:43.398-05:00  INFO 14584 --- [           main] o.h.e.t.j.p.i.JtaPlatformInitiator       : HHH000489: No JTA platform available (set 'hibernate.transaction.jta.platform' to enable JTA platform integration)
2024-05-11T22:39:43.402-05:00  INFO 14584 --- [           main] j.LocalContainerEntityManagerFactoryBean : Initialized JPA EntityManagerFactory for persistence unit 'default'
2024-05-11T22:39:44.063-05:00  INFO 14584 --- [           main] o.s.d.j.r.query.QueryEnhancerFactory     : Hibernate is in classpath; If applicable, HQL parser will be used.
2024-05-11T22:39:45.852-05:00  WARN 14584 --- [           main] JpaBaseConfiguration$JpaWebConfiguration : spring.jpa.open-in-view is enabled by default. Therefore, database queries may be performed during view rendering. Explicitly configure spring.jpa.open-in-view to disable this warning
2024-05-11T22:39:45.911-05:00  INFO 14584 --- [           main] o.s.b.a.w.s.WelcomePageHandlerMapping    : Adding welcome page template: index
2024-05-11T22:39:46.438-05:00  INFO 14584 --- [           main] o.s.s.web.DefaultSecurityFilterChain     : Will secure any request with [org.springframework.security.web.session.DisableEncodeUrlFilter@37eca4c0, org.springframework.security.web.context.request.async.WebAsyncManagerIntegrationFilter@55e8522e, org.springframework.security.web.context.SecurityContextHolderFilter@511cc6fc, org.springframework.security.web.header.HeaderWriterFilter@127c5f20, org.springframework.security.web.csrf.CsrfFilter@2c70da80, org.springframework.security.web.authentication.logout.LogoutFilter@30bd925c, org.springframework.security.web.authentication.UsernamePasswordAuthenticationFilter@123372f4, org.springframework.security.web.savedrequest.RequestCacheAwareFilter@4e885b9, org.springframework.security.web.servletapi.SecurityContextHolderAwareRequestFilter@2d728a9c, org.springframework.security.web.authentication.AnonymousAuthenticationFilter@5c452eb5, org.springframework.security.web.access.ExceptionTranslationFilter@7fb539df, org.springframework.security.web.access.intercept.AuthorizationFilter@5796ae15]
2024-05-11T22:39:47.263-05:00  INFO 14584 --- [           main] c.c.voto.electronico.ApplicationTests    : Started ApplicationTests in 10.328 seconds (process running for 12.263)
]]></system-out>
  </testcase>
</testsuite>